<?xml version="1.0" encoding="UTF-8"?>
<!-- Generated by org.testng.reporters.JUnitReportReporter -->
<testsuite hostname="SUMANTA" name="com.naukri.testscript.TestNaukri" tests="3" failures="0" timestamp="17 Feb 2016 19:08:46 GMT" time="17.662" errors="0">
  <testcase name="verifyLoginPage" time="8.731" classname="com.naukri.testscript.TestNaukri"/>
  <testcase name="verifyUploadResume" time="6.787" classname="com.naukri.testscript.TestNaukri"/>
  <testcase name="verifyAttachedResume" time="2.144" classname="com.naukri.testscript.TestNaukri"/>
</testsuite> <!-- com.naukri.testscript.TestNaukri -->
