<?xml version="1.0" encoding="UTF-8"?>
<!-- Generated by org.testng.reporters.JUnitReportReporter -->
<testsuite hostname="SUMANTA" name="com.cbpl.testscript.TestPL" tests="2" failures="0" timestamp="14 Nov 2015 18:40:17 GMT" time="76.886" errors="0">
  <testcase name="verifyLedger" time="18.768" classname="com.cbpl.testscript.TestPL"/>
  <testcase name="verifyLoginPage" time="58.118" classname="com.cbpl.testscript.TestPL"/>
</testsuite> <!-- com.cbpl.testscript.TestPL -->
