<?xml version="1.0" encoding="UTF-8"?>
<!-- Generated by org.testng.reporters.JUnitReportReporter -->
<testsuite hostname="SUMANTA" name="com.naukri.testscript.TestPL" tests="2" failures="0" timestamp="26 Nov 2015 16:50:11 GMT" time="16.422" errors="0">
  <testcase name="verifyLoginPage" time="15.985" classname="com.naukri.testscript.TestPL"/>
  <testcase name="verifyAttachedResume" time="0.437" classname="com.naukri.testscript.TestPL"/>
</testsuite> <!-- com.naukri.testscript.TestPL -->
